
hpeesofsim (*) 450.shp Jan 21 2016, MINT version 4
    (64-bit windows built: 01/21/16 15:34:19)
Copyright 1995 - 2015 Keysight Technologies, 1989-2016.

Warning detected by hpeesofsim in topology check during circuit set up.
    Number of nodes with no DC path to ground (topology corrected): 1


CT Sweep1[1] <mwcl2_lib:1_CurveTracer:schematic>   VGS=(-3->-1)

DC Sweep1[1].DC1[1/11] <mwcl2_lib:1_CurveTracer:schematic>  VGS=-3  VDS=(0->30)
.Pt DC convergence is used.

.
..............................

DC Sweep1[1].DC1[2/11] <mwcl2_lib:1_CurveTracer:schematic>  VGS=-2.8  VDS=(0->30)
.
.
..............................

DC Sweep1[1].DC1[3/11] <mwcl2_lib:1_CurveTracer:schematic>  VGS=-2.6  VDS=(0->30)
.
.
..............................

DC Sweep1[1].DC1[4/11] <mwcl2_lib:1_CurveTracer:schematic>  VGS=-2.4  VDS=(0->30)
.
.
..............................

DC Sweep1[1].DC1[5/11] <mwcl2_lib:1_CurveTracer:schematic>  VGS=-2.2  VDS=(0->30)
.
.
..............................

DC Sweep1[1].DC1[6/11] <mwcl2_lib:1_CurveTracer:schematic>  VGS=-2  VDS=(0->30)
.
.
..............................

DC Sweep1[1].DC1[7/11] <mwcl2_lib:1_CurveTracer:schematic>  VGS=-1.8  VDS=(0->30)
.
.
..............................

DC Sweep1[1].DC1[8/11] <mwcl2_lib:1_CurveTracer:schematic>  VGS=-1.6  VDS=(0->30)
.
.
..............................

DC Sweep1[1].DC1[9/11] <mwcl2_lib:1_CurveTracer:schematic>  VGS=-1.4  VDS=(0->30)
.
.
..............................

DC Sweep1[1].DC1[10/11] <mwcl2_lib:1_CurveTracer:schematic>  VGS=-1.2  VDS=(0->30)
.
.
..............................

DC Sweep1[1].DC1[11/11] <mwcl2_lib:1_CurveTracer:schematic>  VGS=-1  VDS=(0->30)
.
.
..............................

Resource usage:
  Total stopwatch time     =     2.04 seconds.

