
hpeesofsim (*) 450.shp Jan 21 2016, MINT version 4
    (64-bit windows built: 01/21/16 15:34:19)
Copyright 1995 - 2015 Keysight Technologies, 1989-2016.

Warning detected by hpeesofsim in topology check during circuit set up.
    Number of nodes with no DC path to ground (topology corrected): 1


HB HB1[1] <mwcl2_lib:efficiency:schematic>   RFfreq=(500e+06->3e+09)
Pt DC convergence is used.
    Number of tones:   1.
    Number of frequencies:   6.
    Number of time samples:  32.
    Number of HB equations (HB problem size): 1276.
    Number of SS/noise equations (SS/noise problem size): 2552.
    Auto mode: on.
    Convergence mode: Auto.
    Linear solver: direct.
Warning detected by hpeesofsim during AC Analysis 'HB1'.
    UserValue(5.714286) > MaxRecommendValue(5.000000) for 'Wlargest/Wsmallest' in `I__20.Tee1'

Warning detected by hpeesofsim during AC Analysis 'HB1'.
    UserValue(32.000000) > MaxRecommendValue(5.000000) for 'Wlargest/Wsmallest' in `I__1.Tee1'

    RFfreq=500e+06        0.00% 1/26
------------------------------------------------------------------------------
Newton solver:					
Iter	KCL residual	Damp %	Sol update
------------------------------------------------------------------------------
0.0*	362.843 A   	100.0             
        Newton iteration failed, damping activated
1.0*	2.04782 kA  	 50.0             
2.0*	220.131 A   	  3.1             
3.0*	213.366 A   	  6.3             
4.0*	200.438 A   	 12.5             
5.0*	176.885 A   	 25.0             
6.0*	137.801 A   	 50.0             
7.0*	83.5465 A   	100.0             
8.0 	30.7286 A   	100.0             
8.1 	21.2664 A   	100.0             
8.2 	16.4815 A   	100.0             
8.3*	13.5255 A   	100.0             
9.0 	4.96107 A   	100.0             
9.1 	3.42455 A   	100.0             
9.2 	2.64686 A   	100.0             
9.3 	2.16693 A   	100.0             
9.4 	1.83733 A   	100.0             
9.5 	1.59562 A   	100.0             
9.6 	1.41032 A   	100.0             
9.7 	1.26346 A   	100.0             
9.8*	1.14406 A   	100.0             
10.0 	394.846 mA  	100.0             
10.1 	261.068 mA  	100.0             
10.2 	193.041 mA  	100.0             
10.3 	150.935 mA  	100.0             
10.4 	122.078 mA  	100.0             
10.5 	101.011 mA  	100.0             
10.6 	84.9577 mA  	100.0             
10.7 	72.3378 mA  	100.0             
10.8 	62.1821 mA  	100.0             
10.9 	53.859 mA   	100.0             
10.10 	46.9376 mA  	100.0             
10.11 	41.1136 mA  	100.0             
10.12 	36.1649 mA  	100.0             
10.13 	31.9255 mA  	100.0             
10.14 	28.2688 mA  	100.0             
10.15 	25.0962 mA  	100.0             
10.16 	22.3297 mA  	100.0             
10.17 	19.907 mA   	100.0             
10.18 	17.7773 mA  	100.0             
10.19 	15.899 mA   	100.0             
10.20 	14.2378 mA  	100.0             
10.21 	12.7649 mA  	100.0             
10.22 	11.456 mA   	100.0             
10.23 	10.2906 mA  	100.0             
10.24 	9.25117 mA  	100.0             
10.25 	8.32265 mA  	100.0             
10.26*	7.49209 mA  	100.0             
11.0 	364.965 uA  	100.0             
11.1 	25.6676 uA  	100.0             
11.2 	1.44721 uA  	100.0	10.1108 uV   
.    RFfreq=600e+06        4.00% 2/26
0.0 	75.3811 A   	100.0             
        Samanskii-Newton iteration failed
0.1*	57.6848 A   	100.0             
        Newton iteration failed, damping activated
1.0*	23.2874 GA  	  6.3             
2.0*	73.0288 A   	 12.5             
3.0*	63.7784 A   	 25.0             
4.0*	47.0042 A   	 50.0             
5.0*	23.4633 A   	100.0             
6.0 	1.24879 A   	100.0             
6.1 	1.62504 A   	 25.0             
6.2*	1.60657 A   	 50.0             
7.0 	1.14759 A   	100.0             
7.1 	1.09747 A   	100.0             
7.2*	175.393 mA  	100.0             
8.0 	15.8677 mA  	100.0             
8.1 	2.00801 mA  	100.0             
8.2 	245.173 uA  	100.0             
8.3 	29.5921 uA  	100.0             
8.4 	3.56136 uA  	100.0	9.21986 uV   

.    RFfreq=700e+06        8.00% 3/26
0.0 	52.8589 A   	100.0             
        Samanskii-Newton iteration failed
0.1*	1.16561 kA  	100.0             
        Newton iteration failed, damping activated
1.0*	76.4496 GA  	  3.1             
2.0*	26.1849 A   	  6.3             
3.0*	21.3219 A   	100.0             
4.0*	37.0127 GA  	100.0             
5.0*	509.269e+15A	100.0             
    Switching to arc-length continuation

Fwd RFfreq=600.924e+06    4.04% 3/26  Step=1
0.0*	6.61415 mA  	100.0             
1.0 	17.3256 uA  	100.0	20.0786 uV   
    Arclength Newton-Raphson converged at 6.00932e+08 in 1 iters

Fwd RFfreq=602.262e+06    4.09% 3/26  Step=1.414213562
0.0*	9.24717 mA  	100.0             
1.0 	7.18226 uA  	100.0	13.0465 uV   
    Arclength Newton-Raphson converged at 6.0228e+08 in 1 iters

Fwd RFfreq=604.212e+06    4.17% 3/26  Step=2
0.0*	19.525 mA   	100.0             
1.0 	33.0266 uA  	100.0             
1.1 	168.676 nA  	100.0	286.111 nV   
    Arclength Newton-Raphson converged at 6.0425e+08 in 1 iters

Fwd RFfreq=607.089e+06    4.28% 3/26  Step=2.828427125
0.0*	43.3575 mA  	100.0             
1.0 	154.179 uA  	100.0             
1.1 	1.91387 uA  	100.0	3.67718 uV   
    Arclength Newton-Raphson converged at 6.07167e+08 in 1 iters

Fwd RFfreq=611.397e+06    4.46% 3/26  Step=4
0.0*	103.72 mA   	100.0             
1.0 	737.729 uA  	100.0             
1.1 	18.9368 uA  	100.0             
1.2 	418.416 nA  	100.0	818.727 nV   
    Arclength Newton-Raphson converged at 6.11545e+08 in 1 iters

Fwd RFfreq=617.916e+06    4.72% 3/26  Step=5.656854249
0.0*	260.214 mA  	100.0             
1.0 	3.29917 mA  	100.0             
1.1 	106.705 uA  	100.0             
1.2 	2.89027 uA  	100.0	4.65004 uV   
    Arclength Newton-Raphson converged at 6.18177e+08 in 1 iters

Fwd RFfreq=627.855e+06    5.11% 3/26  Step=8
0.0*	558.139 mA  	100.0             
1.0 	6.763 mA    	100.0             
1.1 	499.4 uA    	100.0             
1.2 	28.4471 uA  	100.0             
1.3 	1.62 uA     	100.0	2.28329 uV   
    Arclength Newton-Raphson converged at 6.2846e+08 in 1 iters

Fwd RFfreq=643.596e+06    5.74% 3/26  Step=11.3137085
0.0*	2.74143 A   	100.0             
1.0 	92.1759 mA  	100.0             
1.1 	6.90087 mA  	100.0             
1.2 	813.234 uA  	100.0             
1.3 	95.8662 uA  	100.0             
1.4 	11.3379 uA  	100.0	23.598 uV    
1.5 	1.34111 uA  	100.0	2.77529 uV   
    Arclength Newton-Raphson converged at 6.43466e+08 in 1 iters

Fwd RFfreq=665.24e+06     6.61% 3/26  Step=16
0.0*	2.30648 A   	100.0             
1.0 	185.948 mA  	100.0             
1.1 	32.7258 mA  	100.0             
1.2 	7.92486 mA  	100.0             
1.3 	1.85951 mA  	100.0             
1.4 	434.717 uA  	100.0             
1.5 	103.204 uA  	100.0             
1.6 	24.8907 uA  	100.0             
1.7 	6.08181 uA  	100.0	11.1263 uV   
    Arclength Newton-Raphson converged at 6.68484e+08 in 1 iters

Fwd RFfreq=706.064e+06    8.24% 3/26  Step=22.627417
0.0*	6.45845 A   	100.0             
1.0 	2.08201 A   	100.0             
1.1 	356.78 mA   	100.0             
1.2 	144.561 mA  	100.0             
1.3 	40.898 mA   	100.0             
1.4 	18.7708 mA  	100.0             
1.5 	7.8152 mA   	100.0             
1.6 	3.51577 mA  	100.0             
1.7 	1.51348 mA  	100.0             
1.8 	670.215 uA  	100.0             
1.9 	292.146 uA  	100.0             
1.10 	128.671 uA  	100.0             
1.11 	56.3321 uA  	100.0             
1.12 	24.7563 uA  	100.0             
1.13 	10.8552 uA  	100.0	13.6231 uV   
    Arclength Newton-Raphson converged at 7.1413e+08 in 1 iters

    Calculating solution at 700000000
0.0*	1.32346 A   	100.0             
1.0 	79.4068 mA  	100.0             
1.1 	16.8721 mA  	100.0             
1.2 	3.94504 mA  	100.0             
1.3 	1.035 mA    	100.0             
1.4 	268.367 uA  	100.0             
1.5 	70.3448 uA  	100.0             
1.6 	18.7457 uA  	100.0             
1.7 	4.99398 uA  	100.0	16.6023 uV   
    Newton-Raphson converged at 700000000

.Fwd RFfreq=777.082e+06   11.08% 4/26  Step=32
0.0*	11.8943 A   	100.0             
1.0 	8.80945 A   	100.0             
1.1 	2.17357 A   	100.0             
1.2 	1.58306 A   	100.0             
1.3 	459.246 mA  	100.0             
1.4 	582.429 mA  	100.0             
        Samanskii-Newton iteration failed
1.5*	582.429 mA  	100.0             
    rejected

Fwd RFfreq=744.107e+06    9.76% 4/26  Step=15.23809524
0.0*	3.545 A     	100.0             
1.0 	290.942 mA  	100.0             
1.1 	63.4913 mA  	100.0             
1.2 	25.5721 mA  	100.0             
1.3 	10.2055 mA  	100.0             
1.4 	4.23499 mA  	100.0             
1.5 	1.75099 mA  	100.0             
1.6 	728.761 uA  	100.0             
1.7 	303.466 uA  	100.0             
1.8 	126.529 uA  	100.0             
1.9 	52.7733 uA  	100.0             
1.10 	22.0179 uA  	100.0             
1.11 	9.18739 uA  	100.0             
1.12 	3.83396 uA  	100.0	8.94426 uV   
    Arclength Newton-Raphson converged at 7.47928e+08 in 1 iters

Fwd RFfreq=781.112e+06   11.24% 4/26  Step=15.23809524
0.0*	2.57402 A   	100.0             
1.0 	190.443 mA  	100.0             
1.1 	42.1556 mA  	100.0             
1.2 	15.7682 mA  	100.0             
1.3 	5.42505 mA  	100.0             
1.4 	1.83616 mA  	100.0             
1.5 	616.698 uA  	100.0             
1.6 	205.427 uA  	100.0             
1.7 	68.1404 uA  	100.0             
1.8 	22.5432 uA  	100.0             
1.9 	7.44729 uA  	100.0	11.7081 uV   
    Arclength Newton-Raphson converged at 7.84578e+08 in 1 iters

Fwd RFfreq=831.376e+06   13.26% 4/26  Step=21.54992095
0.0*	3.92188 A   	100.0             
1.0 	16.0341 A   	100.0             
1.1*	16.417 A    	100.0             
2.0*	1.73026 A   	100.0             
3.0 	3.94385 A   	100.0             
        Samanskii-Newton iteration failed
3.1*	3.94385 A   	100.0             
4.0*	4.41758 A   	100.0             
    rejected

Fwd RFfreq=806.863e+06   12.27% 4/26  Step=10.26186712
0.0*	948.277 mA  	100.0             
1.0 	37.023 mA   	100.0             
1.1 	11.0618 mA  	100.0             
1.2 	3.22456 mA  	100.0             
1.3 	1.03947 mA  	100.0             
1.4 	312.428 uA  	100.0             
1.5 	92.1932 uA  	100.0             
1.6 	27.0281 uA  	100.0             
1.7 	7.90194 uA  	100.0             
1.8 	2.30715 uA  	100.0	6.21493 uV   
    Arclength Newton-Raphson converged at 8.08951e+08 in 1 iters

    Calculating solution at 800000000
0.0*	307.928 mA  	100.0             
1.0 	7.57788 mA  	100.0             
1.1 	632.092 uA  	100.0             
1.2 	70.4434 uA  	100.0             
1.3 	7.60362 uA  	100.0             
1.4 	821.296 nA  	100.0	2.75251 uV   
    Newton-Raphson converged at 800000000

.Fwd RFfreq=830.037e+06   13.20% 5/26  Step=10.26186712
0.0*	1.49289 A   	100.0             
1.0 	283.126 mA  	100.0             
1.1 	67.6205 mA  	100.0             
1.2 	14.4762 mA  	100.0             
1.3 	3.31338 mA  	100.0             
1.4 	1.15899 mA  	100.0             
1.5 	389.81 uA   	100.0             
1.6 	132.175 uA  	100.0             
1.7 	45.6702 uA  	100.0             
1.8 	16.0352 uA  	100.0             
1.9 	5.74721 uA  	100.0             
1.10 	2.12293 uA  	100.0	7.8856 uV    
    Arclength Newton-Raphson converged at 8.28917e+08 in 1 iters

Fwd RFfreq=844.132e+06   13.77% 5/26  Step=14.51247166
0.0*	2.93442 A   	100.0             
1.0 	701.05 mA   	100.0             
1.1 	81.8773 mA  	100.0             
1.2 	17.9789 mA  	100.0             
1.3 	3.12073 mA  	100.0             
1.4 	941.94 uA   	100.0             
1.5 	213.854 uA  	100.0             
1.6 	62.5546 uA  	100.0             
1.7 	16.3827 uA  	100.0	34.2065 uV   
1.8 	4.55314 uA  	100.0	10.039 uV    
    Arclength Newton-Raphson converged at 8.38331e+08 in 1 iters

Fwd RFfreq=846.264e+06   13.85% 5/26  Step=20.52373424
0.0*	4.61524 A   	100.0             
1.0 	358.433 mA  	100.0             
1.1 	56.1499 mA  	100.0             
1.2 	9.69963 mA  	100.0             
1.3 	1.78407 mA  	100.0             
1.4 	321.61 uA   	100.0             
1.5 	57.6026 uA  	100.0             
1.6 	10.2203 uA  	100.0	7.92681 uV   
    Arclength Newton-Raphson converged at 8.44291e+08 in 1 iters

Fwd RFfreq=850.332e+06   14.01% 5/26  Step=29.02494331
0.0*	9.16048 A   	100.0             
1.0 	919.788 mA  	100.0             
1.1 	144.759 mA  	100.0             
1.2 	25.1682 mA  	100.0             
1.3 	4.59452 mA  	100.0             
1.4 	974.514 uA  	100.0             
1.5 	234.066 uA  	100.0             
1.6 	59.7717 uA  	100.0             
1.7 	15.4164 uA  	100.0	8.17962 uV   
    Arclength Newton-Raphson converged at 8.49501e+08 in 1 iters

Fwd RFfreq=855.948e+06   14.24% 5/26  Step=41.04746848
0.0*	10.0437 A   	100.0             
1.0 	46.7125 A   	100.0             
        Samanskii-Newton iteration failed
1.1*	46.7125 A   	100.0             
    rejected

Fwd RFfreq=852.571e+06   14.10% 5/26  Step=19.54641356
0.0*	2.9382 A    	100.0             
1.0 	284.141 mA  	100.0             
1.1 	52.3101 mA  	100.0             
1.2 	8.4436 mA   	100.0             
1.3 	1.548 mA    	100.0             
1.4 	257.643 uA  	100.0             
1.5 	46.1381 uA  	100.0             
1.6 	7.81845 uA  	100.0	5.13343 uV   
    Arclength Newton-Raphson converged at 8.52658e+08 in 1 iters

Fwd RFfreq=856.031e+06   14.24% 5/26  Step=19.54641356
0.0*	3.49913 A   	100.0             
1.0 	24.8217 A   	100.0             
1.1*	14.6025 A   	100.0             
    rejected

Fwd RFfreq=854.264e+06   14.17% 5/26  Step=9.307815981
0.0*	1.00812 A   	100.0             
1.0 	208.391 mA  	100.0             
1.1 	39.7775 mA  	100.0             
1.2 	9.23241 mA  	100.0             
1.3 	2.18177 mA  	100.0             
1.4 	512.16 uA   	100.0             
1.5 	119.193 uA  	100.0             
1.6 	27.5777 uA  	100.0             
1.7 	6.38751 uA  	100.0	7.82734 uV   
    Arclength Newton-Raphson converged at 8.54533e+08 in 1 iters

Fwd RFfreq=856.673e+06   14.27% 5/26  Step=9.307815981
0.0*	1.25324 A   	100.0             
1.0 	418.154 mA  	100.0             
1.1 	50.0028 mA  	100.0             
1.2 	6.54064 mA  	100.0             
1.3 	935.412 uA  	100.0             
1.4 	142.691 uA  	100.0             
1.5 	22.4015 uA  	100.0	14.8921 uV   
    Arclength Newton-Raphson converged at 8.57263e+08 in 1 iters

Fwd RFfreq=861.752e+06   14.47% 5/26  Step=13.1632396
0.0*	1.76012 A   	100.0             
1.0 	4.19085 A   	100.0             
        Samanskii-Newton iteration failed
1.1*	4.19085 A   	100.0             
2.0*	1.32583 A   	100.0             
3.0 	764.86 mA   	100.0             
        Samanskii-Newton iteration failed
3.1*	764.86 mA   	100.0             
    rejected

Fwd RFfreq=859.401e+06   14.38% 5/26  Step=6.268209332
0.0*	666.717 mA  	100.0             
1.0 	89.0177 mA  	100.0             
1.1 	14.2953 mA  	100.0             
1.2 	1.86302 mA  	100.0             
1.3 	208.42 uA   	100.0             
1.4 	21.6551 uA  	100.0	19.9854 uV   
    Arclength Newton-Raphson converged at 8.59839e+08 in 1 iters

Fwd RFfreq=862.533e+06   14.50% 5/26  Step=6.268209332
0.0*	682.275 mA  	100.0             
1.0 	137.804 mA  	100.0             
1.1 	11.5904 mA  	100.0             
1.2 	3.0088 mA   	100.0             
1.3 	694.927 uA  	100.0             
1.4 	170.402 uA  	100.0             
1.5 	42.5399 uA  	100.0             
1.6 	10.6689 uA  	100.0             
1.7 	2.68043 uA  	100.0	6.86144 uV   
    Arclength Newton-Raphson converged at 8.62587e+08 in 1 iters

Fwd RFfreq=864.89e+06    14.60% 5/26  Step=8.864586649
0.0*	981.98 mA   	100.0             
1.0 	191.564 mA  	100.0             
1.1 	33.5014 mA  	100.0             
1.2 	7.5075 mA   	100.0             
1.3 	2.09417 mA  	100.0             
1.4 	645.529 uA  	100.0             
1.5 	217.661 uA  	100.0             
1.6 	76.8971 uA  	100.0             
1.7 	27.724 uA   	100.0             
1.8 	10.0717 uA  	100.0             
1.9 	3.66913 uA  	100.0	6.22544 uV   
    Arclength Newton-Raphson converged at 8.6447e+08 in 1 iters

Fwd RFfreq=866.654e+06   14.67% 5/26  Step=12.53641866
0.0*	2.44266 A   	100.0             
1.0 	500.72 mA   	100.0             
1.1 	77.9184 mA  	100.0             
1.2 	17.8141 mA  	100.0             
1.3 	4.21741 mA  	100.0             
1.4 	968.641 uA  	100.0             
1.5 	215.111 uA  	100.0             
1.6 	46.6347 uA  	100.0             
1.7 	9.9513 uA   	100.0	9.7401 uV    
    Arclength Newton-Raphson converged at 8.66473e+08 in 1 iters

Fwd RFfreq=869.022e+06   14.76% 5/26  Step=17.7291733
0.0*	2.48709 A   	100.0             
1.0 	1.38636 A   	100.0             
1.1 	20.9039 mA  	100.0             
1.2 	9.93626 mA  	100.0             
1.3 	3.52632 mA  	100.0             
1.4 	1.13572 mA  	100.0             
1.5 	293.348 uA  	100.0             
1.6 	68.1583 uA  	100.0             
1.7 	14.6379 uA  	100.0	15.293 uV    
    Arclength Newton-Raphson converged at 8.692e+08 in 1 iters

Fwd RFfreq=872.861e+06   14.91% 5/26  Step=25.07283733
0.0*	3.78513 A   	100.0             
1.0 	7.25063 A   	100.0             
1.1*	5.27553 A   	100.0             
2.0 	43.5335 mA  	100.0             
2.1 	3.01831 mA  	100.0             
2.2 	282.157 uA  	100.0             
2.3 	22.9594 uA  	100.0             
2.4 	2.64544 uA  	100.0	10.0832 uV   
    Arclength Newton-Raphson converged at 8.73639e+08 in 2 iters

Fwd RFfreq=880.125e+06   15.21% 5/26  Step=35.4583466
0.0*	11.2707 A   	100.0             
1.0 	97.0152 A   	100.0             
        Samanskii-Newton iteration failed
1.1*	97.0152 A   	100.0             
    rejected

Fwd RFfreq=876.728e+06   15.07% 5/26  Step=16.88492695
0.0*	3.05542 A   	100.0             
1.0 	875.755 mA  	100.0             
1.1 	51.8204 mA  	100.0             
1.2 	10.5357 mA  	100.0             
1.3 	2.10255 mA  	100.0             
1.4 	484.853 uA  	100.0             
1.5 	110.335 uA  	100.0             
1.6 	25.3378 uA  	100.0             
1.7 	5.69562 uA  	100.0	8.86015 uV   
    Arclength Newton-Raphson converged at 8.7726e+08 in 1 iters

Fwd RFfreq=880.878e+06   15.24% 5/26  Step=16.88492695
0.0*	2.46765 A   	100.0             
1.0 	464.117 mA  	100.0             
1.1 	71.1066 mA  	100.0             
1.2 	15.665 mA   	100.0             
1.3 	3.62334 mA  	100.0             
1.4 	857.621 uA  	100.0             
1.5 	204.833 uA  	100.0             
1.6 	49.176 uA   	100.0             
1.7 	11.8487 uA  	100.0	24.4748 uV   
1.8 	2.87134 uA  	100.0	6.11582 uV   
    Arclength Newton-Raphson converged at 8.81608e+08 in 1 iters

Fwd RFfreq=887.768e+06   15.51% 5/26  Step=23.87889269
0.0*	4.85805 A   	100.0             
1.0 	2.9439 A    	100.0             
1.1 	658.189 mA  	100.0             
1.2 	48.9964 mA  	100.0             
1.3 	14.4285 mA  	100.0             
1.4 	5.12164 mA  	100.0             
1.5 	1.47899 mA  	100.0             
1.6 	559.129 uA  	100.0             
1.7 	170.53 uA   	100.0             
1.8 	63.1279 uA  	100.0             
1.9 	21.8234 uA  	100.0             
1.10 	8.41675 uA  	100.0             
1.11 	3.50923 uA  	100.0             
1.12 	1.72175 uA  	100.0	3.72208 uV   
    Arclength Newton-Raphson converged at 8.89607e+08 in 1 iters

Fwd RFfreq=901.622e+06   16.06% 5/26  Step=33.7698539
0.0*	7.93062 A   	100.0             
1.0 	14.9103 A   	100.0             
1.1*	13.1694 A   	100.0             
2.0*	1.01431 A   	100.0             
3.0 	6.16121 mA  	100.0             
3.1 	414.221 uA  	100.0             
3.2 	28.2009 uA  	100.0             
3.3 	1.97205 uA  	100.0	5.21184 uV   
    Arclength Newton-Raphson converged at 9.08652e+08 in 3 iters

    Calculating solution at 900000000
0.0*	3.79416 A   	100.0             
1.0 	534.422 mA  	100.0             
1.1 	278.493 mA  	100.0             
1.2 	157.683 mA  	100.0             
1.3 	141.547 mA  	100.0             
1.4*	94.2657 mA  	100.0             
2.0 	11.011 mA   	100.0             
2.1 	854.688 uA  	100.0             
2.2 	70.2444 uA  	100.0             
2.3 	5.79701 uA  	100.0	11.9599 uV   
    Newton-Raphson converged at 900000000

.Fwd RFfreq=940.705e+06   17.63% 6/26  Step=47.75778538
    rejected

Fwd RFfreq=923.915e+06   16.96% 6/26  Step=22.74180256
0.0*	5.15293 A   	100.0             
1.0 	1.0703 A    	100.0             
1.1 	222.459 mA  	100.0             
1.2 	101.379 mA  	100.0             
1.3 	41.2112 mA  	100.0             
1.4 	17.5745 mA  	100.0             
1.5 	7.65183 mA  	100.0             
1.6 	3.41493 mA  	100.0             
1.7 	1.54429 mA  	100.0             
1.8 	704.314 uA  	100.0             
1.9 	322.848 uA  	100.0             
1.10 	148.396 uA  	100.0             
1.11 	68.3452 uA  	100.0             
1.12 	31.5348 uA  	100.0             
1.13 	14.5706 uA  	100.0             
1.14 	6.74234 uA  	100.0	10.2029 uV   
    Arclength Newton-Raphson converged at 9.28741e+08 in 1 iters

Fwd RFfreq=952.295e+06   18.09% 6/26  Step=22.74180256
0.0*	4.48154 A   	100.0             
1.0 	484.824 mA  	100.0             
1.1 	153.99 mA   	100.0             
1.2 	52.9854 mA  	100.0             
1.3 	21.2175 mA  	100.0             
1.4 	8.41266 mA  	100.0             
1.5 	3.40505 mA  	100.0             
1.6 	1.37896 mA  	100.0             
1.7 	559.675 uA  	100.0             
1.8 	227.298 uA  	100.0             
1.9 	92.364 uA   	100.0             
1.10 	37.5459 uA  	100.0             
1.11 	15.2665 uA  	100.0             
1.12 	6.20876 uA  	100.0	12.2182 uV   
    Arclength Newton-Raphson converged at 9.61501e+08 in 1 iters

Fwd RFfreq=1.01594e+09   20.64% 6/26  Step=32.16176562
0.0*	8.57368 A   	100.0             
1.0 	1.73627 A   	100.0             
1.1 	415.91 mA   	100.0             
1.2 	282.275 mA  	100.0             
1.3 	134.749 mA  	100.0             
1.4 	73.2872 mA  	100.0             
1.5 	41.8781 mA  	100.0             
1.6 	23.9798 mA  	100.0             
1.7 	13.6335 mA  	100.0             
1.8 	7.869 mA    	100.0             
1.9 	4.46026 mA  	100.0             
1.10 	2.54749 mA  	100.0             
1.11 	1.4395 mA   	100.0             
1.12 	815.782 uA  	100.0             
1.13 	459.727 uA  	100.0             
1.14 	259.328 uA  	100.0             
1.15 	145.863 uA  	100.0             
1.16 	82.0618 uA  	100.0             
1.17 	46.099 uA   	100.0             
1.18 	25.8963 uA  	100.0             
1.19 	14.5361 uA  	100.0             
1.20 	8.15886 uA  	100.0	10.421 uV    
    Arclength Newton-Raphson converged at 1.04943e+09 in 1 iters

    Calculating solution at 1000000000
0.0*	2.41633 A   	100.0             
1.0 	270.62 mA   	100.0             
1.1 	127.323 mA  	100.0             
1.2 	58.4695 mA  	100.0             
1.3 	29.8922 mA  	100.0             
1.4 	14.6393 mA  	100.0             
1.5 	7.33372 mA  	100.0             
1.6 	3.63449 mA  	100.0             
1.7 	1.81119 mA  	100.0             
1.8 	900.137 uA  	100.0             
1.9 	447.966 uA  	100.0             
1.10 	222.787 uA  	100.0             
1.11 	110.836 uA  	100.0             
1.12 	55.1313 uA  	100.0             
1.13 	27.4254 uA  	100.0             
1.14 	13.6423 uA  	100.0             
1.15 	6.78631 uA  	100.0	21.0026 uV   
    Newton-Raphson converged at 1000000000

.Fwd RFfreq=1.18148e+09   27.26% 7/26  Step=45.48360513
0.0*	19.3055 A   	100.0             
1.0 	39.4844 A   	100.0             
    rejected

Fwd RFfreq=1.11231e+09   24.49% 7/26  Step=21.65885958
0.0*	2.94806 A   	100.0             
1.0 	250.446 mA  	100.0             
1.1 	37.5011 mA  	100.0             
1.2 	10.9361 mA  	100.0             
1.3 	3.29667 mA  	100.0             
1.4 	1.01119 mA  	100.0             
1.5 	306.983 uA  	100.0             
1.6 	93.3116 uA  	100.0             
1.7 	28.3484 uA  	100.0             
1.8 	8.61359 uA  	100.0	13.905 uV    
    Arclength Newton-Raphson converged at 1.11993e+09 in 1 iters

    Calculating solution at 1100000000
0.0*	605.601 mA  	100.0             
1.0 	20.4932 mA  	100.0             
1.1 	942.225 uA  	100.0             
1.2 	60.5931 uA  	100.0             
1.3 	4.91462 uA  	100.0	11.2212 uV   
    Newton-Raphson converged at 1100000000

.Fwd RFfreq=1.18321e+09   27.33% 8/26  Step=21.65885958
0.0*	2.89251 A   	100.0             
1.0 	918.742 mA  	100.0             
        Samanskii-Newton iteration failed
1.1*	918.742 mA  	100.0             
    rejected

Fwd RFfreq=1.15006e+09   26.00% 8/26  Step=10.31374266
0.0*	666.3 mA    	100.0             
1.0 	9.64028 mA  	100.0             
1.1 	173.157 uA  	100.0             
1.2 	6.69072 uA  	100.0	13.8286 uV   
    Arclength Newton-Raphson converged at 1.15051e+09 in 1 iters

Fwd RFfreq=1.17867e+09   27.15% 8/26  Step=10.31374266
0.0*	740.101 mA  	100.0             
1.0 	30.4106 mA  	100.0             
1.1 	1.45904 mA  	100.0             
1.2 	30.7577 uA  	100.0             
1.3 	1.02616 uA  	100.0	1.81259 uV   
    Arclength Newton-Raphson converged at 1.17979e+09 in 1 iters

Fwd RFfreq=1.21623e+09   28.65% 8/26  Step=14.58583475
0.0*	1.72234 A   	100.0             
1.0 	1.02519 A   	100.0             
1.1 	473.026 mA  	100.0             
1.2 	18.4583 mA  	100.0             
1.3 	39.3145 mA  	100.0             
1.4 	9.87285 mA  	100.0             
1.5 	303.116 uA  	100.0             
1.6 	521.959 uA  	100.0             
1.7 	104.048 uA  	100.0             
1.8 	11.8684 uA  	100.0	27.7478 uV   
    Arclength Newton-Raphson converged at 1.23332e+09 in 1 iters

    Calculating solution at 1200000000
0.0*	732.267 mA  	100.0             
1.0 	57.788 mA   	100.0             
1.1 	1.66826 mA  	100.0             
1.2 	75.0316 uA  	100.0             
1.3 	5.29227 uA  	100.0	12.1994 uV   
    Newton-Raphson converged at 1200000000

.Fwd RFfreq=1.29861e+09   31.94% 9/26  Step=20.62748532
0.0*	3.48755 A   	100.0             
1.0 	945.619 mA  	100.0             
1.1 	146.011 mA  	100.0             
1.2 	55.9463 mA  	100.0             
        Samanskii-Newton iteration failed
1.3*	55.9463 mA  	100.0             
2.0 	6.02308 mA  	100.0             
2.1 	133.572 uA  	100.0             
2.2 	2.65339 uA  	100.0	5.75398 uV   
    Arclength Newton-Raphson converged at 1.32615e+09 in 2 iters

    Calculating solution at 1300000000
0.0*	1.02548 A   	100.0             
1.0 	34.6604 mA  	100.0             
1.1 	2.78817 mA  	100.0             
1.2 	413.975 uA  	100.0             
1.3 	59.9786 uA  	100.0             
1.4 	8.73444 uA  	100.0             
1.5 	1.26983 uA  	100.0	3.20628 uV   
    Newton-Raphson converged at 1300000000

.Fwd RFfreq=1.43281e+09   37.31% 10/26  Step=29.1716695
0.0*	4.81861 A   	100.0             
1.0 	1.16111 A   	100.0             
1.1 	1.61461 A   	100.0             
        Samanskii-Newton iteration failed
1.2*	1.61461 A   	100.0             
2.0 	43.4757 mA  	100.0             
2.1 	5.59456 mA  	100.0             
2.2 	1.23565 mA  	100.0             
2.3 	270.08 uA   	100.0             
2.4 	58.22 uA    	100.0             
2.5 	12.4201 uA  	100.0             
2.6 	2.63142 uA  	100.0	7.20383 uV   
    Arclength Newton-Raphson converged at 1.47048e+09 in 2 iters

    Calculating solution at 1400000000
0.0*	1.6938 A    	100.0             
1.0 	125.778 mA  	100.0             
1.1 	45.407 mA   	100.0             
1.2 	17.2574 mA  	100.0             
1.3 	7.23486 mA  	100.0             
1.4 	2.92076 mA  	100.0             
1.5 	1.20581 mA  	100.0             
1.6 	496.3 uA    	100.0             
1.7 	205.169 uA  	100.0             
1.8 	84.753 uA   	100.0             
1.9 	35.0492 uA  	100.0             
1.10 	14.4963 uA  	100.0             
1.11 	5.99787 uA  	100.0             
1.12 	2.48201 uA  	100.0	10.3937 uV   
    Newton-Raphson converged at 1400000000

.Fwd RFfreq=1.61748e+09   44.70% 11/26  Step=41.25497064
0.0*	9.56079 A   	100.0             
1.0 	12.4775 A   	100.0             
        Samanskii-Newton iteration failed
1.1*	12.4775 A   	100.0             
    rejected

Fwd RFfreq=1.54048e+09   41.62% 11/26  Step=19.64522411
0.0*	2.13556 A   	100.0             
1.0 	465.971 mA  	100.0             
1.1 	104.744 mA  	100.0             
1.2 	22.4955 mA  	100.0             
1.3 	4.68915 mA  	100.0             
1.4 	1.02107 mA  	100.0             
1.5 	234.075 uA  	100.0             
1.6 	55.5325 uA  	100.0             
1.7 	13.4566 uA  	100.0	15.6397 uV   
    Arclength Newton-Raphson converged at 1.55054e+09 in 1 iters

    Calculating solution at 1500000000
0.0*	622.943 mA  	100.0             
1.0 	11.3351 mA  	100.0             
1.1 	361.685 uA  	100.0             
1.2 	10.2415 uA  	100.0	21.6118 uV   
    Newton-Raphson converged at 1500000000

.Fwd RFfreq=1.62375e+09   44.95% 12/26  Step=19.64522411
0.0*	2.54128 A   	100.0             
1.0 	527.181 mA  	100.0             
1.1 	123.548 mA  	100.0             
1.2 	26.4977 mA  	100.0             
1.3 	5.50977 mA  	100.0             
1.4 	1.12046 mA  	100.0             
1.5 	216.719 uA  	100.0             
1.6 	37.7156 uA  	100.0	14.599 uV    
1.7 	5.07806 uA  	100.0	2.91083 uV   
    Arclength Newton-Raphson converged at 1.63018e+09 in 1 iters

    Calculating solution at 1600000000
0.0*	872.116 mA  	100.0             
1.0 	20.429 mA   	100.0             
1.1 	579.877 uA  	100.0             
1.2 	15.27 uA    	100.0	14.9352 uV   
    Newton-Raphson converged at 1600000000

.Fwd RFfreq=1.73453e+09   49.38% 13/26  Step=27.78254238
0.0*	4.29636 A   	100.0             
1.0 	413.189 mA  	100.0             
1.1 	48.4032 mA  	100.0             
1.2 	4.55118 mA  	100.0             
1.3 	781.286 uA  	100.0             
1.4 	151.735 uA  	100.0             
1.5 	30.8843 uA  	100.0             
1.6 	4.08076 uA  	100.0	5.40882 uV   
    Arclength Newton-Raphson converged at 1.74921e+09 in 1 iters

    Calculating solution at 1700000000
0.0*	1.76869 A   	100.0             
1.0 	71.9776 mA  	100.0             
1.1 	4.35136 mA  	100.0             
1.2 	210.825 uA  	100.0             
1.3 	9.97011 uA  	100.0	8.56838 uV   
    Newton-Raphson converged at 1700000000

.Fwd RFfreq=1.88586e+09   55.43% 14/26  Step=39.29044823
0.0*	8.04776 A   	100.0             
1.0 	2.73784 A   	100.0             
1.1 	1.34451 A   	100.0             
1.2 	537.574 mA  	100.0             
1.3 	264.23 mA   	100.0             
1.4 	196.782 mA  	100.0             
1.5 	125.167 mA  	100.0             
1.6 	69.7759 mA  	100.0             
1.7 	57.3424 mA  	100.0             
1.8*	45.2314 mA  	100.0             
2.0 	70.0169 uA  	100.0             
2.1 	107.126 nA  	100.0	340.848 nV   
    Arclength Newton-Raphson converged at 1.93983e+09 in 2 iters

    Calculating solution at 1800000000
0.0*	2.32461 A   	100.0             
1.0 	29.795 mA   	100.0             
1.1 	2.21465 mA  	100.0             
1.2 	104.075 uA  	100.0             
1.3 	18.5511 uA  	100.0             
1.4 	2.5702 uA   	100.0	12.3475 uV   
    Newton-Raphson converged at 1800000000

.    Calculating solution at 1900000000
0.0*	1.30047 A   	100.0             
1.0 	63.3299 mA  	100.0             
1.1 	2.86557 mA  	100.0             
1.2 	80.2688 uA  	100.0             
1.3 	3.12305 uA  	100.0	10.2445 uV   
    Newton-Raphson converged at 1900000000

.Fwd RFfreq=2.15046e+09   66.02% 16/26  Step=55.56508475
0.0*	14.1636 A   	100.0             
1.0 	15.1407 A   	100.0             
1.1 	7.87423 A   	100.0             
1.2 	2.90983 A   	100.0             
1.3 	1.29765 A   	100.0             
        Samanskii-Newton iteration failed
1.4*	1.29765 A   	100.0             
    rejected

Fwd RFfreq=2.04013e+09   61.61% 16/26  Step=26.45956417
0.0*	3.17114 A   	100.0             
1.0 	669.256 mA  	100.0             
1.1 	94.3617 mA  	100.0             
1.2 	8.34647 mA  	100.0             
1.3 	1.14202 mA  	100.0             
1.4 	138.573 uA  	100.0             
1.5 	28.7308 uA  	100.0             
1.6 	3.84068 uA  	100.0	23.4954 uV   
1.7 	1.64593 uA  	100.0	6.25713 uV   
    Arclength Newton-Raphson converged at 2.04802e+09 in 1 iters

    Calculating solution at 2000000000
0.0*	1.58559 A   	100.0             
1.0 	98.2371 mA  	100.0             
1.1 	4.59478 mA  	100.0             
1.2 	205.335 uA  	100.0             
1.3 	8.96645 uA  	100.0	8.4211 uV    
    Newton-Raphson converged at 2000000000

.Fwd RFfreq=2.14698e+09   65.88% 17/26  Step=26.45956417
0.0*	4.63673 A   	100.0             
1.0 	766.352 mA  	100.0             
1.1 	109.381 mA  	100.0             
1.2 	17.5941 mA  	100.0             
1.3 	2.63467 mA  	100.0             
1.4 	359.092 uA  	100.0             
1.5 	39.7883 uA  	100.0             
1.6 	4.39258 uA  	100.0	14.713 uV    
    Arclength Newton-Raphson converged at 2.15014e+09 in 1 iters

    Calculating solution at 2100000000
0.0*	1.47288 A   	100.0             
1.0 	53.8463 mA  	100.0             
1.1 	1.93745 mA  	100.0             
1.2 	86.9498 uA  	100.0             
1.3 	6.5468 uA   	100.0             
1.4 	617.104 nA  	100.0	4.73506 uV   
    Newton-Raphson converged at 2100000000

.Fwd RFfreq=2.28023e+09   71.21% 18/26  Step=37.4194745
0.0*	8.27229 A   	100.0             
1.0 	1.07363 A   	100.0             
1.1 	260.255 mA  	100.0             
1.2 	106.966 mA  	100.0             
1.3 	43.2073 mA  	100.0             
1.4 	15.7256 mA  	100.0             
1.5 	5.5054 mA   	100.0             
1.6 	1.95242 mA  	100.0             
1.7 	828.414 uA  	100.0             
1.8 	446.038 uA  	100.0             
1.9 	231.198 uA  	100.0             
1.10 	119.706 uA  	100.0             
1.11 	61.0024 uA  	100.0             
1.12 	30.1846 uA  	100.0             
1.13 	14.6103 uA  	100.0             
1.14 	6.95099 uA  	100.0	13.2524 uV   
    Arclength Newton-Raphson converged at 2.29523e+09 in 1 iters

    Calculating solution at 2200000000
0.0*	2.06857 A   	100.0             
1.0 	320.49 mA   	100.0             
1.1 	34.0866 mA  	100.0             
1.2 	2.91007 mA  	100.0             
1.3 	219.359 uA  	100.0             
1.4 	14.5295 uA  	100.0             
1.5 	1.82624 uA  	100.0	5.34772 uV   
    Newton-Raphson converged at 2200000000

.Fwd RFfreq=2.46183e+09   78.47% 19/26  Step=52.91912834
0.0*	10.7025 A   	100.0             
1.0 	2.11232 A   	100.0             
1.1 	1.51651 A   	100.0             
1.2 	1.02331 A   	100.0             
1.3 	694.363 mA  	100.0             
1.4*	309.394 mA  	100.0             
2.0 	5.51239 mA  	100.0             
2.1 	313.907 uA  	100.0             
2.2 	18.3364 uA  	100.0             
2.3 	1.21178 uA  	100.0	2.44856 uV   
    Arclength Newton-Raphson converged at 2.51734e+09 in 2 iters

    Calculating solution at 2300000000
0.0*	424.015 mA  	100.0             
1.0 	1.32296 mA  	100.0             
1.1 	38.3413 uA  	100.0             
1.2 	1.56869 uA  	100.0	4.81561 uV   
    Newton-Raphson converged at 2300000000

.    Calculating solution at 2400000000
0.0*	4.89348 A   	100.0             
1.0 	206.909 mA  	100.0             
1.1 	31.482 mA   	100.0             
1.2 	6.5558 mA   	100.0             
1.3 	2.29447 mA  	100.0             
1.4 	784.424 uA  	100.0             
1.5 	269.162 uA  	100.0             
1.6 	92.2745 uA  	100.0             
1.7 	31.6994 uA  	100.0             
1.8 	10.9021 uA  	100.0             
1.9 	3.75367 uA  	100.0	20.7988 uV   
    Newton-Raphson converged at 2400000000

.    Calculating solution at 2500000000
0.0*	776.77 mA   	100.0             
1.0 	16.444 mA   	100.0             
1.1 	591.819 uA  	100.0             
1.2 	18.7455 uA  	100.0             
1.3 	769.505 nA  	100.0	2.07388 uV   
    Newton-Raphson converged at 2500000000

.Fwd RFfreq=2.73355e+09   89.34% 22/26  Step=74.838949
0.0*	16.8828 A   	100.0             
    rejected

Fwd RFfreq=2.6203e+09    84.81% 22/26  Step=35.63759476
0.0*	5.72456 A   	100.0             
1.0 	296.759 mA  	100.0             
1.1 	127.372 mA  	100.0             
1.2 	154.193 mA  	100.0             
1.3*	151.841 mA  	100.0             
2.0 	9.57406 mA  	100.0             
2.1 	412.523 uA  	100.0             
2.2 	30.7907 uA  	100.0	88.9159 uV   
2.3 	1.68106 uA  	100.0	16.5538 uV   
    Arclength Newton-Raphson converged at 2.6281e+09 in 2 iters

    Calculating solution at 2600000000
0.0*	1.13213 A   	100.0             
1.0 	22.882 mA   	100.0             
1.1 	3.90162 mA  	100.0             
1.2 	514.417 uA  	100.0             
1.3 	72.3369 uA  	100.0             
1.4 	10.2327 uA  	100.0             
1.5 	1.45978 uA  	100.0	2.15069 uV   
    Newton-Raphson converged at 2600000000

.Fwd RFfreq=2.72543e+09   89.02% 23/26  Step=35.63759476
0.0*	8.53436 A   	100.0             
1.0 	1.84077 A   	100.0             
1.1 	614.197 mA  	100.0             
1.2 	250.914 mA  	100.0             
1.3 	118.083 mA  	100.0             
1.4 	56.9209 mA  	100.0             
1.5 	28.5713 mA  	100.0             
1.6 	14.4578 mA  	100.0             
1.7 	7.24863 mA  	100.0             
1.8 	3.60433 mA  	100.0             
1.9 	1.76955 mA  	100.0             
1.10 	857.88 uA   	100.0             
1.11 	409.927 uA  	100.0             
1.12 	192.694 uA  	100.0             
1.13 	88.8808 uA  	100.0             
1.14 	41.3567 uA  	100.0             
1.15 	20.0332 uA  	100.0             
1.16 	9.97248 uA  	100.0	5.84732 uV   
    Arclength Newton-Raphson converged at 2.73736e+09 in 1 iters

    Calculating solution at 2700000000
0.0*	1.79564 A   	100.0             
1.0 	128.935 mA  	100.0             
1.1 	27.6329 mA  	100.0             
1.2 	6.42728 mA  	100.0             
1.3 	1.63426 mA  	100.0             
1.4 	408.264 uA  	100.0             
1.5 	102.823 uA  	100.0             
1.6 	25.9091 uA  	100.0             
1.7 	6.53752 uA  	100.0	6.93974 uV   
    Newton-Raphson converged at 2700000000

.Fwd RFfreq=2.87055e+09   94.82% 24/26  Step=50.39916984
0.0*	7.54525 A   	100.0             
1.0 	19.9592 A   	100.0             
1.1 	10.1794 A   	100.0             
1.2 	2.52417 A   	100.0             
1.3 	938.092 mA  	100.0             
1.4 	229.828 mA  	100.0             
1.5 	100.436 mA  	100.0             
1.6 	70.6653 mA  	100.0             
1.7 	49.7222 mA  	100.0             
1.8*	35.2499 mA  	100.0             
2.0 	339.021 uA  	100.0             
2.1 	5.7613 uA   	100.0	8.34754 uV   
    Arclength Newton-Raphson converged at 2.90048e+09 in 2 iters

    Calculating solution at 2800000000
0.0*	4.72702 A   	100.0             
1.0 	1.37113 A   	100.0             
1.1 	1.36792 A   	100.0             
1.2*	1.0412 A    	100.0             
2.0 	217.062 mA  	100.0             
2.1 	7.44761 mA  	100.0             
2.2 	936.831 uA  	100.0             
2.3 	88.1086 uA  	100.0             
2.4 	8.32817 uA  	100.0	7.36178 uV   
    Newton-Raphson converged at 2800000000

.    Calculating solution at 2900000000
0.0*	35.4421 mA  	100.0             
1.0 	30.1761 uA  	100.0             
1.1 	156.724 nA  	100.0	265.94 nV    
    Newton-Raphson converged at 2900000000

.Fwd RFfreq=3.08426e+09  103.37% 26/26  Step=71.27518953
0.0*	13.8277 A   	100.0             
    rejected

Fwd RFfreq=2.98799e+09   99.52% 26/26  Step=33.94056644
0.0*	5.06091 A   	100.0             
1.0 	728.716 mA  	100.0             
1.1 	311.637 mA  	100.0             
1.2 	149.873 mA  	100.0             
1.3 	70.455 mA   	100.0             
1.4 	32.6744 mA  	100.0             
1.5 	14.7892 mA  	100.0             
1.6 	6.52492 mA  	100.0             
1.7 	2.8279 mA   	100.0             
1.8 	1.20824 mA  	100.0             
1.9 	510.132 uA  	100.0             
1.10 	213.339 uA  	100.0             
1.11 	88.5156 uA  	100.0             
1.12 	36.4795 uA  	100.0             
1.13 	14.9479 uA  	100.0	8.30606 uV   
    Arclength Newton-Raphson converged at 2.99561e+09 in 1 iters

Fwd RFfreq=3.07512e+09  103.00% 26/26  Step=33.94056644
0.0*	5.34613 A   	100.0             
1.0 	675.544 mA  	100.0             
1.1 	526.45 mA   	100.0             
1.2 	320.93 mA   	100.0             
1.3 	207.241 mA  	100.0             
1.4 	142.166 mA  	100.0             
1.5 	100.837 mA  	100.0             
1.6*	73.6345 mA  	100.0             
2.0 	4.98186 mA  	100.0             
2.1 	695.828 uA  	100.0             
2.2 	54.5897 uA  	100.0             
2.3 	4.51648 uA  	100.0	23.2815 uV   
    Arclength Newton-Raphson converged at 3.11707e+09 in 2 iters

    Calculating solution at 3000000000
0.0*	389.986 mA  	100.0             
1.0 	9.24941 mA  	100.0             
1.1 	317.36 uA   	100.0             
1.2 	10.3244 uA  	100.0	9.19039 uV   
    Newton-Raphson converged at 3000000000

.An HB truncation error may be present.
o The HB truncation error is due to using a finite order 
  (number of harmonics) in the representation of the
  circuit signals.

Waveform                Trunc error             Tolerance
---------------------------------------------------------
X1._net415              3.741e-02       >       1.852e-05
X1.X2._net502           3.741e-02       >       1.852e-05
X1.X2.vg1               3.333e-03       >       2.868e-06
X1.X2._net615           1.999e-03       >       1.228e-06
X1.X2.vd1g              1.996e-03       >       1.230e-06

o Number of waveforms violating the HB truncation error check:
        9 out of 11 waveforms.
o Estimated max HB truncation error: 3.741e-02 @ waveform X1._net415 .
o The maximal HB truncation error estimate is greater than the 
  achieved tolerance of 1.852e-05 for this waveform.
o A time-domain plot of the I__1.N__6 waveform may show the error as 
  Gibbs ripples.
o To reduce the error, increase the order (number of harmonics) 
  and re-simulate.

Resource usage:
  Total stopwatch time     =     6.35 seconds.

